2019.10.19 20:07 B C:\nwamp\www\dev\about.php --> hostelpalace.com.ng /public_html/clark about.php
2019.10.19 20:07 B C:\nwamp\www\dev\accounting.php --> hostelpalace.com.ng /public_html/clark accounting.php
2019.10.19 20:07 B C:\nwamp\www\dev\banner.php --> hostelpalace.com.ng /public_html/clark banner.php
2019.10.19 20:07 B C:\nwamp\www\dev\check.php --> hostelpalace.com.ng /public_html/clark check.php
2019.10.19 20:07 B C:\nwamp\www\dev\contact.php --> hostelpalace.com.ng /public_html/clark contact.php
2019.10.19 20:08 B C:\nwamp\www\dev\foot.php --> hostelpalace.com.ng /public_html/clark foot.php
2019.10.19 20:08 B C:\nwamp\www\dev\foote.php --> hostelpalace.com.ng /public_html/clark foote.php
2019.10.19 20:08 B C:\nwamp\www\dev\footer.php --> hostelpalace.com.ng /public_html/clark footer.php
2019.10.19 20:08 B C:\nwamp\www\dev\gallery.php --> hostelpalace.com.ng /public_html/clark gallery.php
2019.10.19 20:08 B C:\nwamp\www\dev\index.php --> hostelpalace.com.ng /public_html/clark index.php
2019.10.19 20:08 B C:\nwamp\www\dev\request.php --> hostelpalace.com.ng /public_html/clark request.php
2019.10.19 20:08 B C:\nwamp\www\dev\services.php --> hostelpalace.com.ng /public_html/clark services.php
2019.10.19 20:08 B C:\nwamp\www\dev\why.php --> hostelpalace.com.ng /public_html/clark why.php
2020.03.29 23:43 B C:\NWAMP\www\property\about.php --> dreamchasers.com.ng /public_html/property about.php
2020.03.29 23:43 B C:\NWAMP\www\property\accounting.php --> dreamchasers.com.ng /public_html/property accounting.php
2020.03.29 23:43 B C:\NWAMP\www\property\advertise.php --> dreamchasers.com.ng /public_html/property advertise.php
2020.03.29 23:43 B C:\NWAMP\www\property\backoffice.php --> dreamchasers.com.ng /public_html/property backoffice.php
2020.03.29 23:43 B C:\NWAMP\www\property\ban.php --> dreamchasers.com.ng /public_html/property ban.php
2020.03.29 23:43 B C:\NWAMP\www\property\banner.php --> dreamchasers.com.ng /public_html/property banner.php
2020.03.29 23:43 B C:\NWAMP\www\property\check.php --> dreamchasers.com.ng /public_html/property check.php
2020.03.29 23:43 B C:\NWAMP\www\property\connect.php --> dreamchasers.com.ng /public_html/property connect.php
2020.03.29 23:44 B C:\NWAMP\www\property\contact.php --> dreamchasers.com.ng /public_html/property contact.php
2020.03.29 23:44 B C:\NWAMP\www\property\foot.php --> dreamchasers.com.ng /public_html/property foot.php
2020.03.29 23:44 B C:\NWAMP\www\property\foote.php --> dreamchasers.com.ng /public_html/property foote.php
2020.03.29 23:44 B C:\NWAMP\www\property\footer.php --> dreamchasers.com.ng /public_html/property footer.php
2020.03.29 23:44 B C:\NWAMP\www\property\index.php --> dreamchasers.com.ng /public_html/property index.php
2020.03.29 23:44 B C:\NWAMP\www\property\login.php --> dreamchasers.com.ng /public_html/property login.php
2020.03.29 23:44 B C:\NWAMP\www\property\register.php --> dreamchasers.com.ng /public_html/property register.php
2020.03.29 23:44 B C:\NWAMP\www\property\rent.php --> dreamchasers.com.ng /public_html/property rent.php
2020.03.29 23:44 B C:\NWAMP\www\property\request.php --> dreamchasers.com.ng /public_html/property request.php
2020.03.29 23:44 B C:\NWAMP\www\property\sale.php --> dreamchasers.com.ng /public_html/property sale.php
2020.03.29 23:52 B C:\NWAMP\www\property\ban.php --> dreamchasers.com.ng /public_html/property ban.php
2020.03.29 23:52 B C:\NWAMP\www\property\banner.php --> dreamchasers.com.ng /public_html/property banner.php
2020.03.30 10:55 B C:\nwamp\www\property\ban.php --> dreamchasers.com.ng /public_html/property ban.php
2020.03.30 10:55 B C:\nwamp\www\property\banner.php --> dreamchasers.com.ng /public_html/property banner.php
2020.03.30 10:55 B C:\nwamp\www\property\index.php --> dreamchasers.com.ng /public_html/property index.php
2020.03.30 10:55 B C:\nwamp\www\property\rent.php --> dreamchasers.com.ng /public_html/property rent.php
2020.03.30 10:55 B C:\nwamp\www\property\sale.php --> dreamchasers.com.ng /public_html/property sale.php
2020.03.30 10:58 B C:\nwamp\www\property\index.php --> dreamchasers.com.ng /public_html/property index.php
