2019.10.19 20:06 B C:\nwamp\www\dev\images\1.jpg --> hostelpalace.com.ng /public_html/clark/images 1.jpg
2019.10.19 20:06 B C:\nwamp\www\dev\images\2.jpg --> hostelpalace.com.ng /public_html/clark/images 2.jpg
2019.10.19 20:06 B C:\nwamp\www\dev\images\22.jpg --> hostelpalace.com.ng /public_html/clark/images 22.jpg
2019.10.19 20:06 B C:\nwamp\www\dev\images\3.jpg --> hostelpalace.com.ng /public_html/clark/images 3.jpg
2019.10.19 20:06 B C:\nwamp\www\dev\images\4.jpg --> hostelpalace.com.ng /public_html/clark/images 4.jpg
2019.10.19 20:06 B C:\nwamp\www\dev\images\about-img.jpg --> hostelpalace.com.ng /public_html/clark/images about-img.jpg
2019.10.19 20:06 B C:\nwamp\www\dev\images\about.jpg --> hostelpalace.com.ng /public_html/clark/images about.jpg
2019.10.19 20:06 B C:\nwamp\www\dev\images\browser.png --> hostelpalace.com.ng /public_html/clark/images browser.png
2019.10.19 20:06 B C:\nwamp\www\dev\images\logo.png --> hostelpalace.com.ng /public_html/clark/images logo.png
2019.10.19 20:06 B C:\nwamp\www\dev\images\meal1.jpg --> hostelpalace.com.ng /public_html/clark/images meal1.jpg
2019.10.19 20:06 B C:\nwamp\www\dev\images\meal2.jpg --> hostelpalace.com.ng /public_html/clark/images meal2.jpg
2019.10.19 20:06 B C:\nwamp\www\dev\images\meal3.jpg --> hostelpalace.com.ng /public_html/clark/images meal3.jpg
2019.10.19 20:06 B C:\nwamp\www\dev\images\meal4.jpg --> hostelpalace.com.ng /public_html/clark/images meal4.jpg
2019.10.19 20:06 B C:\nwamp\www\dev\images\meal5.jpg --> hostelpalace.com.ng /public_html/clark/images meal5.jpg
2019.10.19 20:06 B C:\nwamp\www\dev\images\meal6.jpg --> hostelpalace.com.ng /public_html/clark/images meal6.jpg
2019.10.19 20:06 B C:\nwamp\www\dev\images\meal7.jpg --> hostelpalace.com.ng /public_html/clark/images meal7.jpg
2019.10.19 20:07 B C:\nwamp\www\dev\images\meal8.jpg --> hostelpalace.com.ng /public_html/clark/images meal8.jpg
2020.03.29 23:33 B C:\nwamp\www\property\admin\images\j.png --> dreamchasers.com.ng /public_html/property/admin/images/projects j.png
2020.03.29 23:35 B C:\NWAMP\www\property\admin\images\1.jpg --> dreamchasers.com.ng /public_html/property/admin/images 1.jpg
2020.03.29 23:35 B C:\NWAMP\www\property\admin\images\11.jpg --> dreamchasers.com.ng /public_html/property/admin/images 11.jpg
2020.03.29 23:35 B C:\NWAMP\www\property\admin\images\2.jpg --> dreamchasers.com.ng /public_html/property/admin/images 2.jpg
2020.03.29 23:35 B C:\NWAMP\www\property\admin\images\22.jpg --> dreamchasers.com.ng /public_html/property/admin/images 22.jpg
2020.03.29 23:35 B C:\NWAMP\www\property\admin\images\3.jpg --> dreamchasers.com.ng /public_html/property/admin/images 3.jpg
2020.03.29 23:35 B C:\NWAMP\www\property\admin\images\33.jpg --> dreamchasers.com.ng /public_html/property/admin/images 33.jpg
2020.03.29 23:35 B C:\NWAMP\www\property\admin\images\4.jpg --> dreamchasers.com.ng /public_html/property/admin/images 4.jpg
2020.03.29 23:35 B C:\NWAMP\www\property\admin\images\44.jpg --> dreamchasers.com.ng /public_html/property/admin/images 44.jpg
2020.03.29 23:35 B C:\NWAMP\www\property\admin\images\5.jpg --> dreamchasers.com.ng /public_html/property/admin/images 5.jpg
2020.03.29 23:35 B C:\NWAMP\www\property\admin\images\55.jpg --> dreamchasers.com.ng /public_html/property/admin/images 55.jpg
2020.03.29 23:35 B C:\NWAMP\www\property\admin\images\6.jpg --> dreamchasers.com.ng /public_html/property/admin/images 6.jpg
2020.03.29 23:35 B C:\NWAMP\www\property\admin\images\66.jpg --> dreamchasers.com.ng /public_html/property/admin/images 66.jpg
2020.03.29 23:35 B C:\NWAMP\www\property\admin\images\7.jpg --> dreamchasers.com.ng /public_html/property/admin/images 7.jpg
2020.03.29 23:35 B C:\NWAMP\www\property\admin\images\8.jpg --> dreamchasers.com.ng /public_html/property/admin/images 8.jpg
2020.03.29 23:36 B C:\NWAMP\www\property\admin\images\9.jpg --> dreamchasers.com.ng /public_html/property/admin/images 9.jpg
2020.03.29 23:36 B C:\NWAMP\www\property\admin\images\about-img.jpg --> dreamchasers.com.ng /public_html/property/admin/images about-img.jpg
2020.03.29 23:36 B C:\NWAMP\www\property\admin\images\about.jpg --> dreamchasers.com.ng /public_html/property/admin/images about.jpg
2020.03.29 23:36 B C:\NWAMP\www\property\admin\images\answering.jpg --> dreamchasers.com.ng /public_html/property/admin/images answering.jpg
2020.03.29 23:36 B C:\NWAMP\www\property\admin\images\appointment.jpg --> dreamchasers.com.ng /public_html/property/admin/images appointment.jpg
2020.03.29 23:36 B C:\NWAMP\www\property\admin\images\ban.jpg --> dreamchasers.com.ng /public_html/property/admin/images ban.jpg
2020.03.29 23:36 B C:\NWAMP\www\property\admin\images\billing.jpg --> dreamchasers.com.ng /public_html/property/admin/images billing.jpg
2020.03.29 23:36 B C:\NWAMP\www\property\admin\images\browser.png --> dreamchasers.com.ng /public_html/property/admin/images browser.png
2020.03.29 23:36 B C:\NWAMP\www\property\admin\images\butter.jpg --> dreamchasers.com.ng /public_html/property/admin/images butter.jpg
2020.03.29 23:36 B C:\NWAMP\www\property\admin\images\collections.jpg --> dreamchasers.com.ng /public_html/property/admin/images collections.jpg
2020.03.29 23:36 B C:\NWAMP\www\property\admin\images\Customer Service.jpg --> dreamchasers.com.ng /public_html/property/admin/images Customer Service.jpg
2020.03.29 23:36 B C:\NWAMP\www\property\admin\images\cutter.jpg --> dreamchasers.com.ng /public_html/property/admin/images cutter.jpg
2020.03.29 23:36 B C:\NWAMP\www\property\admin\images\deliver.jpg --> dreamchasers.com.ng /public_html/property/admin/images deliver.jpg
2020.03.29 23:36 B C:\NWAMP\www\property\admin\images\df.jpg --> dreamchasers.com.ng /public_html/property/admin/images df.jpg
2020.03.29 23:36 B C:\NWAMP\www\property\admin\images\execute.png --> dreamchasers.com.ng /public_html/property/admin/images execute.png
2020.03.29 23:36 B C:\NWAMP\www\property\admin\images\followup.jpg --> dreamchasers.com.ng /public_html/property/admin/images followup.jpg
2020.03.29 23:36 B C:\NWAMP\www\property\admin\images\fv.jpg --> dreamchasers.com.ng /public_html/property/admin/images fv.jpg
2020.03.29 23:36 B C:\NWAMP\www\property\admin\images\guarantee.jpg --> dreamchasers.com.ng /public_html/property/admin/images guarantee.jpg
2020.03.29 23:37 B C:\NWAMP\www\property\admin\images\inquiry.jpg --> dreamchasers.com.ng /public_html/property/admin/images inquiry.jpg
2020.03.29 23:37 B C:\NWAMP\www\property\admin\images\lead.jpg --> dreamchasers.com.ng /public_html/property/admin/images lead.jpg
2020.03.29 23:37 B C:\NWAMP\www\property\admin\images\logo.png --> dreamchasers.com.ng /public_html/property/admin/images logo.png
2020.03.29 23:37 B C:\NWAMP\www\property\admin\images\map.png --> dreamchasers.com.ng /public_html/property/admin/images map.png
2020.03.29 23:37 B C:\NWAMP\www\property\admin\images\meal1.jpg --> dreamchasers.com.ng /public_html/property/admin/images meal1.jpg
2020.03.29 23:37 B C:\NWAMP\www\property\admin\images\meal2.jpg --> dreamchasers.com.ng /public_html/property/admin/images meal2.jpg
2020.03.29 23:37 B C:\NWAMP\www\property\admin\images\meal3.jpg --> dreamchasers.com.ng /public_html/property/admin/images meal3.jpg
2020.03.29 23:37 B C:\NWAMP\www\property\admin\images\meal4.jpg --> dreamchasers.com.ng /public_html/property/admin/images meal4.jpg
2020.03.29 23:37 B C:\NWAMP\www\property\admin\images\meal5.jpg --> dreamchasers.com.ng /public_html/property/admin/images meal5.jpg
2020.03.29 23:37 B C:\NWAMP\www\property\admin\images\meal6.jpg --> dreamchasers.com.ng /public_html/property/admin/images meal6.jpg
2020.03.29 23:37 B C:\NWAMP\www\property\admin\images\meal7.jpg --> dreamchasers.com.ng /public_html/property/admin/images meal7.jpg
2020.03.29 23:37 B C:\NWAMP\www\property\admin\images\meal8.jpg --> dreamchasers.com.ng /public_html/property/admin/images meal8.jpg
2020.03.29 23:37 B C:\NWAMP\www\property\admin\images\off.jpg --> dreamchasers.com.ng /public_html/property/admin/images off.jpg
2020.03.29 23:38 B C:\NWAMP\www\property\admin\images\order.jpg --> dreamchasers.com.ng /public_html/property/admin/images order.jpg
2020.03.29 23:38 B C:\NWAMP\www\property\admin\images\product.jpg --> dreamchasers.com.ng /public_html/property/admin/images product.jpg
2020.03.29 23:38 B C:\NWAMP\www\property\admin\images\research.jpg --> dreamchasers.com.ng /public_html/property/admin/images research.jpg
2020.03.29 23:38 B C:\NWAMP\www\property\admin\images\responsibility.jpeg --> dreamchasers.com.ng /public_html/property/admin/images responsibility.jpeg
2020.03.29 23:38 B C:\NWAMP\www\property\admin\images\sales.jpg --> dreamchasers.com.ng /public_html/property/admin/images sales.jpg
2020.03.29 23:38 B C:\NWAMP\www\property\admin\images\social.jpg --> dreamchasers.com.ng /public_html/property/admin/images social.jpg
2020.03.29 23:38 B C:\NWAMP\www\property\admin\images\telemarketing.jpg --> dreamchasers.com.ng /public_html/property/admin/images telemarketing.jpg
2020.03.29 23:38 B C:\NWAMP\www\property\admin\images\telephonic.jpg --> dreamchasers.com.ng /public_html/property/admin/images telephonic.jpg
2020.03.29 23:38 B C:\NWAMP\www\property\admin\images\transcription.jpg --> dreamchasers.com.ng /public_html/property/admin/images transcription.jpg
2020.03.29 23:38 B C:\NWAMP\www\property\admin\images\WS_FTP.LOG --> dreamchasers.com.ng /public_html/property/admin/images WS_FTP.LOG
