2019.10.19 20:06 B C:\nwamp\www\dev\images\1.jpg --> hostelpalace.com.ng /public_html/clark/images 1.jpg
2019.10.19 20:06 B C:\nwamp\www\dev\images\2.jpg --> hostelpalace.com.ng /public_html/clark/images 2.jpg
2019.10.19 20:06 B C:\nwamp\www\dev\images\22.jpg --> hostelpalace.com.ng /public_html/clark/images 22.jpg
2019.10.19 20:06 B C:\nwamp\www\dev\images\3.jpg --> hostelpalace.com.ng /public_html/clark/images 3.jpg
2019.10.19 20:06 B C:\nwamp\www\dev\images\4.jpg --> hostelpalace.com.ng /public_html/clark/images 4.jpg
2019.10.19 20:06 B C:\nwamp\www\dev\images\about-img.jpg --> hostelpalace.com.ng /public_html/clark/images about-img.jpg
2019.10.19 20:06 B C:\nwamp\www\dev\images\about.jpg --> hostelpalace.com.ng /public_html/clark/images about.jpg
2019.10.19 20:06 B C:\nwamp\www\dev\images\browser.png --> hostelpalace.com.ng /public_html/clark/images browser.png
2019.10.19 20:06 B C:\nwamp\www\dev\images\logo.png --> hostelpalace.com.ng /public_html/clark/images logo.png
2019.10.19 20:06 B C:\nwamp\www\dev\images\meal1.jpg --> hostelpalace.com.ng /public_html/clark/images meal1.jpg
2019.10.19 20:06 B C:\nwamp\www\dev\images\meal2.jpg --> hostelpalace.com.ng /public_html/clark/images meal2.jpg
2019.10.19 20:06 B C:\nwamp\www\dev\images\meal3.jpg --> hostelpalace.com.ng /public_html/clark/images meal3.jpg
2019.10.19 20:06 B C:\nwamp\www\dev\images\meal4.jpg --> hostelpalace.com.ng /public_html/clark/images meal4.jpg
2019.10.19 20:06 B C:\nwamp\www\dev\images\meal5.jpg --> hostelpalace.com.ng /public_html/clark/images meal5.jpg
2019.10.19 20:06 B C:\nwamp\www\dev\images\meal6.jpg --> hostelpalace.com.ng /public_html/clark/images meal6.jpg
2019.10.19 20:06 B C:\nwamp\www\dev\images\meal7.jpg --> hostelpalace.com.ng /public_html/clark/images meal7.jpg
2019.10.19 20:07 B C:\nwamp\www\dev\images\meal8.jpg --> hostelpalace.com.ng /public_html/clark/images meal8.jpg
2020.03.29 23:39 B C:\NWAMP\www\property\images\1.jpg --> dreamchasers.com.ng /public_html/property/images 1.jpg
2020.03.29 23:39 B C:\NWAMP\www\property\images\11.jpg --> dreamchasers.com.ng /public_html/property/images 11.jpg
2020.03.29 23:39 B C:\NWAMP\www\property\images\2.jpg --> dreamchasers.com.ng /public_html/property/images 2.jpg
2020.03.29 23:39 B C:\NWAMP\www\property\images\22.jpg --> dreamchasers.com.ng /public_html/property/images 22.jpg
2020.03.29 23:40 B C:\NWAMP\www\property\images\3.jpg --> dreamchasers.com.ng /public_html/property/images 3.jpg
2020.03.29 23:40 B C:\NWAMP\www\property\images\33.jpg --> dreamchasers.com.ng /public_html/property/images 33.jpg
2020.03.29 23:40 B C:\NWAMP\www\property\images\4.jpg --> dreamchasers.com.ng /public_html/property/images 4.jpg
2020.03.29 23:40 B C:\NWAMP\www\property\images\44.jpg --> dreamchasers.com.ng /public_html/property/images 44.jpg
2020.03.29 23:40 B C:\NWAMP\www\property\images\5.jpg --> dreamchasers.com.ng /public_html/property/images 5.jpg
2020.03.29 23:40 B C:\NWAMP\www\property\images\55.jpg --> dreamchasers.com.ng /public_html/property/images 55.jpg
2020.03.29 23:40 B C:\NWAMP\www\property\images\6.jpg --> dreamchasers.com.ng /public_html/property/images 6.jpg
2020.03.29 23:40 B C:\NWAMP\www\property\images\66.jpg --> dreamchasers.com.ng /public_html/property/images 66.jpg
2020.03.29 23:40 B C:\NWAMP\www\property\images\7.jpg --> dreamchasers.com.ng /public_html/property/images 7.jpg
2020.03.29 23:40 B C:\NWAMP\www\property\images\8.jpg --> dreamchasers.com.ng /public_html/property/images 8.jpg
2020.03.29 23:40 B C:\NWAMP\www\property\images\9.jpg --> dreamchasers.com.ng /public_html/property/images 9.jpg
2020.03.29 23:40 B C:\NWAMP\www\property\images\about-img.jpg --> dreamchasers.com.ng /public_html/property/images about-img.jpg
2020.03.29 23:41 B C:\NWAMP\www\property\images\about.jpg --> dreamchasers.com.ng /public_html/property/images about.jpg
2020.03.29 23:41 B C:\NWAMP\www\property\images\answering.jpg --> dreamchasers.com.ng /public_html/property/images answering.jpg
2020.03.29 23:41 B C:\NWAMP\www\property\images\appointment.jpg --> dreamchasers.com.ng /public_html/property/images appointment.jpg
2020.03.29 23:41 B C:\NWAMP\www\property\images\ban.jpg --> dreamchasers.com.ng /public_html/property/images ban.jpg
2020.03.29 23:41 B C:\NWAMP\www\property\images\billing.jpg --> dreamchasers.com.ng /public_html/property/images billing.jpg
2020.03.29 23:41 B C:\NWAMP\www\property\images\browser.png --> dreamchasers.com.ng /public_html/property/images browser.png
2020.03.29 23:41 B C:\NWAMP\www\property\images\butter.jpg --> dreamchasers.com.ng /public_html/property/images butter.jpg
2020.03.29 23:41 B C:\NWAMP\www\property\images\collections.jpg --> dreamchasers.com.ng /public_html/property/images collections.jpg
2020.03.29 23:41 B C:\NWAMP\www\property\images\Customer Service.jpg --> dreamchasers.com.ng /public_html/property/images Customer Service.jpg
2020.03.29 23:41 B C:\NWAMP\www\property\images\cutter.jpg --> dreamchasers.com.ng /public_html/property/images cutter.jpg
2020.03.29 23:41 B C:\NWAMP\www\property\images\deliver.jpg --> dreamchasers.com.ng /public_html/property/images deliver.jpg
2020.03.29 23:41 B C:\NWAMP\www\property\images\df.jpg --> dreamchasers.com.ng /public_html/property/images df.jpg
2020.03.29 23:41 B C:\NWAMP\www\property\images\execute.png --> dreamchasers.com.ng /public_html/property/images execute.png
2020.03.29 23:42 B C:\NWAMP\www\property\images\followup.jpg --> dreamchasers.com.ng /public_html/property/images followup.jpg
2020.03.29 23:42 B C:\NWAMP\www\property\images\fv.jpg --> dreamchasers.com.ng /public_html/property/images fv.jpg
2020.03.29 23:42 B C:\NWAMP\www\property\images\guarantee.jpg --> dreamchasers.com.ng /public_html/property/images guarantee.jpg
2020.03.29 23:42 B C:\NWAMP\www\property\images\inquiry.jpg --> dreamchasers.com.ng /public_html/property/images inquiry.jpg
2020.03.29 23:42 B C:\NWAMP\www\property\images\lead.jpg --> dreamchasers.com.ng /public_html/property/images lead.jpg
2020.03.29 23:42 B C:\NWAMP\www\property\images\logo.png --> dreamchasers.com.ng /public_html/property/images logo.png
2020.03.29 23:42 B C:\NWAMP\www\property\images\map.png --> dreamchasers.com.ng /public_html/property/images map.png
2020.03.29 23:42 B C:\NWAMP\www\property\images\meal1.jpg --> dreamchasers.com.ng /public_html/property/images meal1.jpg
2020.03.29 23:42 B C:\NWAMP\www\property\images\meal2.jpg --> dreamchasers.com.ng /public_html/property/images meal2.jpg
2020.03.29 23:42 B C:\NWAMP\www\property\images\meal3.jpg --> dreamchasers.com.ng /public_html/property/images meal3.jpg
2020.03.29 23:42 B C:\NWAMP\www\property\images\meal4.jpg --> dreamchasers.com.ng /public_html/property/images meal4.jpg
2020.03.29 23:42 B C:\NWAMP\www\property\images\meal5.jpg --> dreamchasers.com.ng /public_html/property/images meal5.jpg
2020.03.29 23:42 B C:\NWAMP\www\property\images\meal6.jpg --> dreamchasers.com.ng /public_html/property/images meal6.jpg
2020.03.29 23:42 B C:\NWAMP\www\property\images\meal7.jpg --> dreamchasers.com.ng /public_html/property/images meal7.jpg
2020.03.29 23:42 B C:\NWAMP\www\property\images\meal8.jpg --> dreamchasers.com.ng /public_html/property/images meal8.jpg
2020.03.29 23:42 B C:\NWAMP\www\property\images\off.jpg --> dreamchasers.com.ng /public_html/property/images off.jpg
2020.03.29 23:42 B C:\NWAMP\www\property\images\order.jpg --> dreamchasers.com.ng /public_html/property/images order.jpg
2020.03.29 23:42 B C:\NWAMP\www\property\images\product.jpg --> dreamchasers.com.ng /public_html/property/images product.jpg
2020.03.29 23:42 B C:\NWAMP\www\property\images\research.jpg --> dreamchasers.com.ng /public_html/property/images research.jpg
2020.03.29 23:43 B C:\NWAMP\www\property\images\responsibility.jpeg --> dreamchasers.com.ng /public_html/property/images responsibility.jpeg
2020.03.29 23:43 B C:\NWAMP\www\property\images\sales.jpg --> dreamchasers.com.ng /public_html/property/images sales.jpg
2020.03.29 23:43 B C:\NWAMP\www\property\images\social.jpg --> dreamchasers.com.ng /public_html/property/images social.jpg
2020.03.29 23:43 B C:\NWAMP\www\property\images\telemarketing.jpg --> dreamchasers.com.ng /public_html/property/images telemarketing.jpg
2020.03.29 23:43 B C:\NWAMP\www\property\images\telephonic.jpg --> dreamchasers.com.ng /public_html/property/images telephonic.jpg
2020.03.29 23:43 B C:\NWAMP\www\property\images\transcription.jpg --> dreamchasers.com.ng /public_html/property/images transcription.jpg
2020.03.29 23:43 B C:\NWAMP\www\property\images\WS_FTP.LOG --> dreamchasers.com.ng /public_html/property/images WS_FTP.LOG
2020.03.29 23:50 B C:\NWAMP\www\property\images\1.jpg --> dreamchasers.com.ng /public_html/property/images 1.jpg
2020.03.29 23:50 B C:\NWAMP\www\property\images\1.jpg --> dreamchasers.com.ng /public_html/property/admin/images 1.jpg
